build/app/outputs/mapping/release/mapping.txt
# compiler: R8
# compiler_version: 1.5.64
# min_api: 16
# pg_map_id: 5a0f628
com.blaze.flicklist.MainActivity -> com.blaze.flicklist.MainActivity:
    void configureFlutterEngine(io.flutter.embedding.engine.FlutterEngine) -> a
...
io.flutter.embedding.android.MotionEventTracker -> io.flutter.embedding.android.p:
    java.util.PriorityQueue unusedEvents -> b
    android.util.LongSparseArray eventById -> a
    io.flutter.embedding.android.MotionEventTracker INSTANCE -> c
    io.flutter.embedding.android.MotionEventTracker getInstance() -> a
    android.view.MotionEvent pop(io.flutter.embedding.android.MotionEventTracker$MotionEventId) -> a
    io.flutter.embedding.android.MotionEventTracker$MotionEventId track(android.view.MotionEvent) -> a
io.flutter.embedding.android.MotionEventTracker$MotionEventId -> io.flutter.embedding.android.p$a:
    java.util.concurrent.atomic.AtomicLong ID_COUNTER -> b
    long id -> a
    long access$000(io.flutter.embedding.android.MotionEventTracker$MotionEventId) -> a
    io.flutter.embedding.android.MotionEventTracker$MotionEventId from(long) -> a
    long getId() -> a
    io.flutter.embedding.android.MotionEventTracker$MotionEventId createUnique() -> b
io.flutter.embedding.android.RenderMode -> io.flutter.embedding.android.q:
    io.flutter.embedding.android.RenderMode texture -> b
    io.flutter.embedding.android.RenderMode image -> c
    io.flutter.embedding.android.RenderMode[] $VALUES -> d
    io.flutter.embedding.android.RenderMode surface -> a
io.flutter.embedding.android.SplashScreen -> io.flutter.embedding.android.s:
    android.view.View createSplashView(android.content.Context,android.os.Bundle) -> a
    boolean doesSplashViewRememberItsTransition() -> a
    void transitionToFlutter(java.lang.Runnable) -> a
    android.os.Bundle saveSplashScreenState() -> b
io.flutter.embedding.android.SplashScreen$-CC -> io.flutter.embedding.android.r:
    boolean io.flutter.embedding.android.SplashScreen.doesSplashViewRememberItsTransition() -> a
    android.os.Bundle io.flutter.embedding.android.SplashScreen.saveSplashScreenState() -> b
io.flutter.embedding.android.SplashScreenProvider -> io.flutter.embedding.android.t:
io.flutter.embedding.android.TransparencyMode -> io.flutter.embedding.android.u:
    io.flutter.embedding.android.TransparencyMode[] $VALUES -> c
    io.flutter.embedding.android.TransparencyMode transparent -> b
    io.flutter.embedding.android.TransparencyMode opaque -> a
io.flutter.embedding.engine.FlutterEngine -> io.flutter.embedding.engine.a:
    io.flutter.embedding.engine.systemchannels.RestorationChannel restorationChannel -> m
    io.flutter.embedding.engine.dart.DartExecutor dartExecutor -> c
    io.flutter.embedding.engine.systemchannels.LifecycleChannel lifecycleChannel -> i
    io.flutter.embedding.engine.systemchannels.LocalizationChannel localizationChannel -> j
    java.util.Set engineLifecycleListeners -> s
    io.flutter.embedding.engine.FlutterEngine$EngineLifecycleListener engineLifecycleListener -> t
    io.flutter.embedding.engine.systemchannels.AccessibilityChannel accessibilityChannel -> f
    io.flutter.embedding.engine.systemchannels.KeyEventChannel keyEventChannel -> h
    io.flutter.embedding.engine.systemchannels.DeferredComponentChannel deferredComponentChannel -> g
    io.flutter.embedding.engine.systemchannels.NavigationChannel navigationChannel -> l
    io.flutter.embedding.engine.systemchannels.TextInputChannel textInputChannel -> q
    io.flutter.embedding.engine.FlutterEngineConnectionRegistry pluginRegistry -> d
    io.flutter.embedding.engine.FlutterJNI flutterJNI -> a
    io.flutter.embedding.engine.systemchannels.MouseCursorChannel mouseCursorChannel -> k
    io.flutter.embedding.engine.systemchannels.SettingsChannel settingsChannel -> o
    io.flutter.plugin.localization.LocalizationPlugin localizationPlugin -> e
    io.flutter.embedding.engine.systemchannels.SystemChannel systemChannel -> p
io.flutter.embedding.engine.FlutterEngine$1 -> io.flutter.embedding.engine.a$a:
    io.flutter.embedding.engine.FlutterEngine this$0 -> a
    void onPreEngineRestart() -> a
    void onEngineWillDestroy() -> b